\BOOKMARK [0][-]{chapter.1}{\376\377\000S\000e\000c\000t\000i\000o\000n\000\040\0001\000:\000\040\000I\000n\000t\000r\000o\000d\000u\000c\000t\000i\000o\000n}{}% 1
\BOOKMARK [0][-]{chapter.2}{\376\377\000S\000e\000c\000t\000i\000o\000n\000\040\0002\000:\000\040\000C\000L\000I\000P\000S\000\040\000O\000v\000e\000r\000v\000i\000e\000w}{}% 2
\BOOKMARK [1][-]{section.2.1}{\376\377\0002\000.\0001\000\040\000I\000n\000t\000e\000r\000a\000c\000t\000i\000n\000g\000\040\000w\000i\000t\000h\000\040\000C\000L\000I\000P\000S}{chapter.2}% 3
\BOOKMARK [1][-]{section.2.2}{\376\377\0002\000.\0002\000\040\000R\000e\000f\000e\000r\000e\000n\000c\000e\000\040\000M\000a\000n\000u\000a\000l\000\040\000S\000y\000n\000t\000a\000x}{chapter.2}% 4
\BOOKMARK [1][-]{section.2.3}{\376\377\0002\000.\0003\000\040\000B\000a\000s\000i\000c\000\040\000P\000r\000o\000g\000r\000a\000m\000m\000i\000n\000g\000\040\000E\000l\000e\000m\000e\000n\000t\000s}{chapter.2}% 5
\BOOKMARK [1][-]{section.2.4}{\376\377\0002\000.\0004\000\040\000D\000a\000t\000a\000\040\000A\000b\000s\000t\000r\000a\000c\000t\000i\000o\000n}{chapter.2}% 6
\BOOKMARK [1][-]{section.2.5}{\376\377\0002\000.\0005\000\040\000K\000n\000o\000w\000l\000e\000d\000g\000e\000\040\000R\000e\000p\000r\000e\000s\000e\000n\000t\000a\000t\000i\000o\000n}{chapter.2}% 7
\BOOKMARK [1][-]{section.2.6}{\376\377\0002\000.\0006\000\040\000C\000L\000I\000P\000S\000\040\000O\000b\000j\000e\000c\000t\000-\000O\000r\000i\000e\000n\000t\000e\000d\000\040\000L\000a\000n\000g\000u\000a\000g\000e}{chapter.2}% 8
\BOOKMARK [0][-]{chapter.3}{\376\377\000S\000e\000c\000t\000i\000o\000n\000\040\0003\000:\000\040\000D\000e\000f\000t\000e\000m\000p\000l\000a\000t\000e\000\040\000C\000o\000n\000s\000t\000r\000u\000c\000t}{}% 9
\BOOKMARK [1][-]{section.3.1}{\376\377\0003\000.\0001\000\040\000S\000l\000o\000t\000\040\000D\000e\000f\000a\000u\000l\000t\000\040\000V\000a\000l\000u\000e\000s}{chapter.3}% 10
\BOOKMARK [1][-]{section.3.2}{\376\377\0003\000.\0002\000\040\000S\000l\000o\000t\000\040\000D\000e\000f\000a\000u\000l\000t\000\040\000C\000o\000n\000s\000t\000r\000a\000i\000n\000t\000s\000\040\000f\000o\000r\000\040\000P\000a\000t\000t\000e\000r\000n\000-\000M\000a\000t\000c\000h\000i\000n\000g}{chapter.3}% 11
\BOOKMARK [1][-]{section.3.3}{\376\377\0003\000.\0003\000\040\000S\000l\000o\000t\000\040\000V\000a\000l\000u\000e\000\040\000C\000o\000n\000s\000t\000r\000a\000i\000n\000t\000\040\000A\000t\000t\000r\000i\000b\000u\000t\000e\000s}{chapter.3}% 12
\BOOKMARK [1][-]{section.3.4}{\376\377\0003\000.\0004\000\040\000I\000m\000p\000l\000i\000e\000d\000\040\000D\000e\000f\000t\000e\000m\000p\000l\000a\000t\000e\000s}{chapter.3}% 13
\BOOKMARK [0][-]{chapter.4}{\376\377\000S\000e\000c\000t\000i\000o\000n\000\040\0004\000:\000\040\000D\000e\000f\000f\000a\000c\000t\000s\000\040\000C\000o\000n\000s\000t\000r\000u\000c\000t}{}% 14
\BOOKMARK [0][-]{chapter.5}{\376\377\000S\000e\000c\000t\000i\000o\000n\000\040\0005\000:\000\040\000D\000e\000f\000r\000u\000l\000e\000\040\000C\000o\000n\000s\000t\000r\000u\000c\000t}{}% 15
\BOOKMARK [1][-]{section.5.1}{\376\377\0005\000.\0001\000\040\000D\000e\000f\000i\000n\000i\000n\000g\000\040\000R\000u\000l\000e\000s}{chapter.5}% 16
\BOOKMARK [1][-]{section.5.2}{\376\377\0005\000.\0002\000\040\000B\000a\000s\000i\000c\000\040\000C\000y\000c\000l\000e\000\040\000O\000f\000\040\000R\000u\000l\000e\000\040\000E\000x\000e\000c\000u\000t\000i\000o\000n}{chapter.5}% 17
\BOOKMARK [1][-]{section.5.3}{\376\377\0005\000.\0003\000\040\000C\000o\000n\000f\000l\000i\000c\000t\000\040\000R\000e\000s\000o\000l\000u\000t\000i\000o\000n\000\040\000S\000t\000r\000a\000t\000e\000g\000i\000e\000s}{chapter.5}% 18
\BOOKMARK [1][-]{section.5.4}{\376\377\0005\000.\0004\000\040\000L\000H\000S\000\040\000S\000y\000n\000t\000a\000x}{chapter.5}% 19
\BOOKMARK [0][-]{chapter.6}{\376\377\000S\000e\000c\000t\000i\000o\000n\000\040\0006\000:\000\040\000D\000e\000f\000g\000l\000o\000b\000a\000l\000\040\000C\000o\000n\000s\000t\000r\000u\000c\000t}{}% 20
\BOOKMARK [0][-]{chapter.7}{\376\377\000S\000e\000c\000t\000i\000o\000n\000\040\0007\000:\000\040\000D\000e\000f\000f\000u\000n\000c\000t\000i\000o\000n\000\040\000C\000o\000n\000s\000t\000r\000u\000c\000t}{}% 21
\BOOKMARK [0][-]{chapter.8}{\376\377\000S\000e\000c\000t\000i\000o\000n\000\040\0008\000:\000\040\000G\000e\000n\000e\000r\000i\000c\000\040\000F\000u\000n\000c\000t\000i\000o\000n\000s}{}% 22
\BOOKMARK [1][-]{section.8.1}{\376\377\0008\000.\0001\000\040\000N\000o\000t\000e\000\040\000o\000n\000\040\000t\000h\000e\000\040\000U\000s\000e\000\040\000o\000f\000\040\000t\000h\000e\000\040\000T\000e\000r\000m\000\040\000M\000e\000t\000h\000o\000d}{chapter.8}% 23
\BOOKMARK [1][-]{section.8.2}{\376\377\0008\000.\0002\000\040\000P\000e\000r\000f\000o\000r\000m\000a\000n\000c\000e\000\040\000P\000e\000n\000a\000l\000t\000y\000\040\000o\000f\000\040\000G\000e\000n\000e\000r\000i\000c\000\040\000F\000u\000n\000c\000t\000i\000o\000n\000s}{chapter.8}% 24
\BOOKMARK [1][-]{section.8.3}{\376\377\0008\000.\0003\000\040\000O\000r\000d\000e\000r\000\040\000D\000e\000p\000e\000n\000d\000e\000n\000c\000e\000\040\000o\000f\000\040\000G\000e\000n\000e\000r\000i\000c\000\040\000F\000u\000n\000c\000t\000i\000o\000n\000\040\000D\000e\000f\000i\000n\000i\000t\000i\000o\000n\000s}{chapter.8}% 25
\BOOKMARK [1][-]{section.8.4}{\376\377\0008\000.\0004\000\040\000D\000e\000f\000i\000n\000i\000n\000g\000\040\000a\000\040\000N\000e\000w\000\040\000G\000e\000n\000e\000r\000i\000c\000\040\000F\000u\000n\000c\000t\000i\000o\000n}{chapter.8}% 26
\BOOKMARK [1][-]{section.8.5}{\376\377\0008\000.\0005\000\040\000G\000e\000n\000e\000r\000i\000c\000\040\000D\000i\000s\000p\000a\000t\000c\000h}{chapter.8}% 27
\BOOKMARK [0][-]{chapter.9}{\376\377\000S\000e\000c\000t\000i\000o\000n\000\040\0009\000:\000\040\000C\000L\000I\000P\000S\000\040\000O\000b\000j\000e\000c\000t\000\040\000O\000r\000i\000e\000n\000t\000e\000d\000\040\000L\000a\000n\000g\000u\000a\000g\000e}{}% 28
\BOOKMARK [1][-]{section.9.1}{\376\377\0009\000.\0001\000\040\000B\000a\000c\000k\000g\000r\000o\000u\000n\000d}{chapter.9}% 29
\BOOKMARK [1][-]{section.9.2}{\376\377\0009\000.\0002\000\040\000P\000r\000e\000d\000e\000f\000i\000n\000e\000d\000\040\000S\000y\000s\000t\000e\000m\000\040\000C\000l\000a\000s\000s\000e\000s}{chapter.9}% 30
\BOOKMARK [1][-]{section.9.3}{\376\377\0009\000.\0003\000\040\000D\000e\000f\000c\000l\000a\000s\000s\000\040\000C\000o\000n\000s\000t\000r\000u\000c\000t}{chapter.9}% 31
\BOOKMARK [1][-]{section.9.4}{\376\377\0009\000.\0004\000\040\000D\000e\000f\000m\000e\000s\000s\000a\000g\000e\000-\000h\000a\000n\000d\000l\000e\000r\000\040\000C\000o\000n\000s\000t\000r\000u\000c\000t}{chapter.9}% 32
\BOOKMARK [1][-]{section.9.5}{\376\377\0009\000.\0005\000\040\000M\000e\000s\000s\000a\000g\000e\000\040\000D\000i\000s\000p\000a\000t\000c\000h}{chapter.9}% 33
\BOOKMARK [1][-]{section.9.6}{\376\377\0009\000.\0006\000\040\000M\000a\000n\000i\000p\000u\000l\000a\000t\000i\000n\000g\000\040\000I\000n\000s\000t\000a\000n\000c\000e\000s}{chapter.9}% 34
\BOOKMARK [1][-]{section.9.7}{\376\377\0009\000.\0007\000\040\000I\000n\000s\000t\000a\000n\000c\000e\000-\000s\000e\000t\000\040\000Q\000u\000e\000r\000i\000e\000s\000\040\000a\000n\000d\000\040\000D\000i\000s\000t\000r\000i\000b\000u\000t\000e\000d\000\040\000A\000c\000t\000i\000o\000n\000s}{chapter.9}% 35
\BOOKMARK [0][-]{chapter.10}{\376\377\000S\000e\000c\000t\000i\000o\000n\000\040\0001\0000\000:\000\040\000D\000e\000f\000m\000o\000d\000u\000l\000e\000\040\000C\000o\000n\000s\000t\000r\000u\000c\000t}{}% 36
\BOOKMARK [1][-]{section.10.1}{\376\377\0001\0000\000.\0001\000\040\000D\000e\000f\000i\000n\000i\000n\000g\000\040\000M\000o\000d\000u\000l\000e\000s}{chapter.10}% 37
\BOOKMARK [1][-]{section.10.2}{\376\377\0001\0000\000.\0002\000\040\000S\000p\000e\000c\000i\000f\000y\000i\000n\000g\000\040\000a\000\040\000C\000o\000n\000s\000t\000r\000u\000c\000t\000?\000s\000\040\000M\000o\000d\000u\000l\000e}{chapter.10}% 38
\BOOKMARK [1][-]{section.10.3}{\376\377\0001\0000\000.\0003\000\040\000S\000p\000e\000c\000i\000f\000y\000i\000n\000g\000\040\000M\000o\000d\000u\000l\000e\000s}{chapter.10}% 39
\BOOKMARK [1][-]{section.10.4}{\376\377\0001\0000\000.\0004\000\040\000I\000m\000p\000o\000r\000t\000i\000n\000g\000\040\000a\000n\000d\000\040\000E\000x\000p\000o\000r\000t\000i\000n\000g\000\040\000C\000o\000n\000s\000t\000r\000u\000c\000t\000s}{chapter.10}% 40
\BOOKMARK [1][-]{section.10.5}{\376\377\0001\0000\000.\0005\000\040\000I\000m\000p\000o\000r\000t\000i\000n\000g\000\040\000a\000n\000d\000\040\000E\000x\000p\000o\000r\000t\000i\000n\000g\000\040\000F\000a\000c\000t\000s\000\040\000a\000n\000d\000\040\000I\000n\000s\000t\000a\000n\000c\000e\000s}{chapter.10}% 41
\BOOKMARK [1][-]{section.10.6}{\376\377\0001\0000\000.\0006\000\040\000M\000o\000d\000u\000l\000e\000s\000\040\000a\000n\000d\000\040\000R\000u\000l\000e\000\040\000E\000x\000e\000c\000u\000t\000i\000o\000n}{chapter.10}% 42
\BOOKMARK [0][-]{chapter.11}{\376\377\000S\000e\000c\000t\000i\000o\000n\000\040\0001\0001\000:\000\040\000C\000o\000n\000s\000t\000r\000a\000i\000n\000t\000\040\000A\000t\000t\000r\000i\000b\000u\000t\000e\000s}{}% 43
\BOOKMARK [1][-]{section.11.1}{\376\377\0001\0001\000.\0001\000\040\000T\000y\000p\000e\000\040\000A\000t\000t\000r\000i\000b\000u\000t\000e}{chapter.11}% 44
\BOOKMARK [1][-]{section.11.2}{\376\377\0001\0001\000.\0002\000\040\000A\000l\000l\000o\000w\000e\000d\000\040\000C\000o\000n\000s\000t\000a\000n\000t\000\040\000A\000t\000t\000r\000i\000b\000u\000t\000e\000s}{chapter.11}% 45
\BOOKMARK [1][-]{section.11.3}{\376\377\0001\0001\000.\0003\000\040\000R\000a\000n\000g\000e\000\040\000A\000t\000t\000r\000i\000b\000u\000t\000e}{chapter.11}% 46
\BOOKMARK [1][-]{section.11.4}{\376\377\0001\0001\000.\0004\000\040\000C\000a\000r\000d\000i\000n\000a\000l\000i\000t\000y\000\040\000A\000t\000t\000r\000i\000b\000u\000t\000e}{chapter.11}% 47
\BOOKMARK [1][-]{section.11.5}{\376\377\0001\0001\000.\0005\000\040\000D\000e\000r\000i\000v\000i\000n\000g\000\040\000a\000\040\000D\000e\000f\000a\000u\000l\000t\000\040\000V\000a\000l\000u\000e\000\040\000F\000r\000o\000m\000\040\000C\000o\000n\000s\000t\000r\000a\000i\000n\000t\000s}{chapter.11}% 48
\BOOKMARK [1][-]{section.11.6}{\376\377\0001\0001\000.\0006\000\040\000C\000o\000n\000s\000t\000r\000a\000i\000n\000t\000\040\000V\000i\000o\000l\000a\000t\000i\000o\000n\000\040\000E\000x\000a\000m\000p\000l\000e\000s}{chapter.11}% 49
\BOOKMARK [0][-]{chapter.12}{\376\377\000S\000e\000c\000t\000i\000o\000n\000\040\0001\0002\000:\000\040\000A\000c\000t\000i\000o\000n\000s\000\040\000A\000n\000d\000\040\000F\000u\000n\000c\000t\000i\000o\000n\000s}{}% 50
\BOOKMARK [1][-]{section.12.1}{\376\377\0001\0002\000.\0001\000\040\000P\000r\000e\000d\000i\000c\000a\000t\000e\000\040\000F\000u\000n\000c\000t\000i\000o\000n\000s}{chapter.12}% 51
\BOOKMARK [1][-]{section.12.2}{\376\377\0001\0002\000.\0002\000\040\000M\000u\000l\000t\000i\000f\000i\000e\000l\000d\000\040\000F\000u\000n\000c\000t\000i\000o\000n\000s}{chapter.12}% 52
\BOOKMARK [1][-]{section.12.3}{\376\377\0001\0002\000.\0003\000\040\000S\000t\000r\000i\000n\000g\000\040\000F\000u\000n\000c\000t\000i\000o\000n\000s}{chapter.12}% 53
\BOOKMARK [1][-]{section.12.4}{\376\377\0001\0002\000.\0004\000\040\000T\000h\000e\000\040\000C\000L\000I\000P\000S\000\040\000I\000/\000O\000\040\000S\000y\000s\000t\000e\000m}{chapter.12}% 54
\BOOKMARK [1][-]{section.12.5}{\376\377\0001\0002\000.\0005\000\040\000M\000a\000t\000h\000\040\000F\000u\000n\000c\000t\000i\000o\000n\000s}{chapter.12}% 55
\BOOKMARK [1][-]{section.12.6}{\376\377\0001\0002\000.\0006\000\040\000P\000r\000o\000c\000e\000d\000u\000r\000a\000l\000\040\000F\000u\000n\000c\000t\000i\000o\000n\000s}{chapter.12}% 56
\BOOKMARK [1][-]{section.12.7}{\376\377\0001\0002\000.\0007\000\040\000M\000i\000s\000c\000e\000l\000l\000a\000n\000e\000o\000u\000s\000\040\000F\000u\000n\000c\000t\000i\000o\000n\000s}{chapter.12}% 57
\BOOKMARK [1][-]{section.12.8}{\376\377\0001\0002\000.\0008\000\040\000D\000e\000f\000t\000e\000m\000p\000l\000a\000t\000e\000\040\000F\000u\000n\000c\000t\000i\000o\000n\000s}{chapter.12}% 58
\BOOKMARK [1][-]{section.12.9}{\376\377\0001\0002\000.\0009\000\040\000F\000a\000c\000t\000\040\000F\000u\000n\000c\000t\000i\000o\000n\000s}{chapter.12}% 59
\BOOKMARK [1][-]{section.12.10}{\376\377\0001\0002\000.\0001\0000\000\040\000D\000e\000f\000f\000a\000c\000t\000s\000\040\000F\000u\000n\000c\000t\000i\000o\000n\000s}{chapter.12}% 60
\BOOKMARK [1][-]{section.12.11}{\376\377\0001\0002\000.\0001\0001\000\040\000D\000e\000f\000r\000u\000l\000e\000\040\000F\000u\000n\000c\000t\000i\000o\000n\000s}{chapter.12}% 61
\BOOKMARK [1][-]{section.12.12}{\376\377\0001\0002\000.\0001\0002\000\040\000A\000g\000e\000n\000d\000a\000\040\000F\000u\000n\000c\000t\000i\000o\000n\000s}{chapter.12}% 62
\BOOKMARK [1][-]{section.12.13}{\376\377\0001\0002\000.\0001\0003\000\040\000D\000e\000f\000g\000l\000o\000b\000a\000l\000\040\000F\000u\000n\000c\000t\000i\000o\000n\000s}{chapter.12}% 63
\BOOKMARK [1][-]{section.12.14}{\376\377\0001\0002\000.\0001\0004\000\040\000D\000e\000f\000f\000u\000n\000c\000t\000i\000o\000n\000\040\000F\000u\000n\000c\000t\000i\000o\000n\000s}{chapter.12}% 64
\BOOKMARK [1][-]{section.12.15}{\376\377\0001\0002\000.\0001\0005\000\040\000G\000e\000n\000e\000r\000i\000c\000\040\000F\000u\000n\000c\000t\000i\000o\000n\000\040\000F\000u\000n\000c\000t\000i\000o\000n\000s}{chapter.12}% 65
\BOOKMARK [1][-]{section.12.16}{\376\377\0001\0002\000.\0001\0006\000\040\000C\000L\000I\000P\000S\000\040\000O\000b\000j\000e\000c\000t\000-\000O\000r\000i\000e\000n\000t\000e\000d\000\040\000L\000a\000n\000g\000u\000a\000g\000e\000\040\000\050\000C\000O\000O\000L\000\051\000\040\000F\000u\000n\000c\000t\000i\000o\000n\000s}{chapter.12}% 66
\BOOKMARK [1][-]{section.12.17}{\376\377\0001\0002\000.\0001\0007\000\040\000D\000e\000f\000m\000o\000d\000u\000l\000e\000\040\000F\000u\000n\000c\000t\000i\000o\000n\000s}{chapter.12}% 67
\BOOKMARK [1][-]{section.12.18}{\376\377\0001\0002\000.\0001\0008\000\040\000S\000e\000q\000u\000e\000n\000c\000e\000\040\000E\000x\000p\000a\000n\000s\000i\000o\000n}{chapter.12}% 68
\BOOKMARK [0][-]{chapter.13}{\376\377\000A\000p\000p\000e\000n\000d\000i\000x\000\040\000A\000:\000\040\000S\000u\000p\000p\000o\000r\000t\000\040\000I\000n\000f\000o\000r\000m\000a\000t\000i\000o\000n}{}% 69
\BOOKMARK [1][-]{section.13.1}{\376\377\000A\000.\0001\000\040\000Q\000u\000e\000s\000t\000i\000o\000n\000s\000\040\000a\000n\000d\000\040\000I\000n\000f\000o\000r\000m\000a\000t\000i\000o\000n}{chapter.13}% 70
\BOOKMARK [1][-]{section.13.2}{\376\377\000A\000.\0002\000\040\000D\000o\000c\000u\000m\000e\000n\000t\000a\000t\000i\000o\000n}{chapter.13}% 71
\BOOKMARK [1][-]{section.13.3}{\376\377\000A\000.\0003\000\040\000C\000L\000I\000P\000S\000\040\000S\000o\000u\000r\000c\000e\000\040\000C\000o\000d\000e\000\040\000a\000n\000d\000\040\000E\000x\000e\000c\000u\000t\000a\000b\000l\000e\000s}{chapter.13}% 72
\BOOKMARK [1][-]{section.13.4}{\376\377\000B\000.\0001\000\040\000V\000e\000r\000s\000i\000o\000n\000\040\0006\000.\0003\0000}{chapter.13}% 73
\BOOKMARK [1][-]{section.13.5}{\376\377\000B\000.\0002\000\040\000V\000e\000r\000s\000i\000o\000n\000\040\0006\000.\0002\0004}{chapter.13}% 74
\BOOKMARK [1][-]{section.13.6}{\376\377\000B\000.\0003\000\040\000V\000e\000r\000s\000i\000o\000n\000\040\0006\000.\0002\0003}{chapter.13}% 75
\BOOKMARK [1][-]{section.13.7}{\376\377\000B\000.\0004\000\040\000V\000e\000r\000s\000i\000o\000n\000\040\0006\000.\0002\0002}{chapter.13}% 76
\BOOKMARK [1][-]{section.13.8}{\376\377\000B\000.\0005\000\040\000V\000e\000r\000s\000i\000o\000n\000\040\0006\000.\0002\0001}{chapter.13}% 77
\BOOKMARK [1][-]{section.13.9}{\376\377\000B\000.\0006\000\040\000V\000e\000r\000s\000i\000o\000n\000\040\0006\000.\0002}{chapter.13}% 78
\BOOKMARK [1][-]{section.13.10}{\376\377\000D\000.\0001\000\040\000O\000r\000d\000e\000r\000i\000n\000g\000\040\000o\000f\000\040\000P\000a\000t\000t\000e\000r\000n\000s\000\040\000o\000n\000\040\000t\000h\000e\000\040\000L\000H\000S}{chapter.13}% 79
\BOOKMARK [1][-]{section.13.11}{\376\377\000D\000.\0002\000\040\000D\000e\000f\000f\000u\000n\000c\000t\000i\000o\000n\000s\000\040\000v\000e\000r\000s\000u\000s\000\040\000G\000e\000n\000e\000r\000i\000c\000\040\000F\000u\000n\000c\000t\000i\000o\000n\000s}{chapter.13}% 80
\BOOKMARK [1][-]{section.13.12}{\376\377\000D\000.\0003\000\040\000O\000r\000d\000e\000r\000i\000n\000g\000\040\000o\000f\000\040\000M\000e\000t\000h\000o\000d\000\040\000P\000a\000r\000a\000m\000e\000t\000e\000r\000\040\000R\000e\000s\000t\000r\000i\000c\000t\000i\000o\000n\000s}{chapter.13}% 81
\BOOKMARK [1][-]{section.13.13}{\376\377\000D\000.\0004\000\040\000I\000n\000s\000t\000a\000n\000c\000e\000-\000A\000d\000d\000r\000e\000s\000s\000e\000s\000\040\000v\000e\000r\000s\000u\000s\000\040\000I\000n\000s\000t\000a\000n\000c\000e\000-\000N\000a\000m\000e\000s}{chapter.13}% 82
\BOOKMARK [1][-]{section.13.14}{\376\377\000D\000.\0005\000\040\000R\000e\000a\000d\000i\000n\000g\000\040\000I\000n\000s\000t\000a\000n\000c\000e\000\040\000S\000l\000o\000t\000s\000\040\000D\000i\000r\000e\000c\000t\000l\000y}{chapter.13}% 83
\BOOKMARK [0][-]{chapter.14}{\376\377\000I\000n\000d\000e\000x}{}% 84
\BOOKMARK [0][-]{chapter.15}{\376\377\000I\000n\000d\000i\000c\000e\000s\000\040\000a\000n\000d\000\040\000t\000a\000b\000l\000e\000s}{}% 85
